<?xml version="1.0" encoding="UTF-8"?>
<!-- Generated by org.testng.reporters.JUnitReportReporter -->
<testsuite hostname="Admin-PC" name="com.nk.tests.RegisterPageTest" tests="9" failures="0" timestamp="22 Aug 2015 15:58:38 GMT" time="117.273" errors="0">
  <testcase name="verifyCompleteMyProfilePage" time="6.492" classname="com.nk.tests.RegisterPageTest"/>
  <testcase name="verifyEducationDetails" time="16.342" classname="com.nk.tests.RegisterPageTest"/>
  <testcase name="verifyRegistrationPage" time="7.764" classname="com.nk.tests.RegisterPageTest"/>
  <testcase name="popUpClose" time="0.818" classname="com.nk.tests.RegisterPageTest"/>
  <testcase name="verifyCompleteMyProfile" time="6.321" classname="com.nk.tests.RegisterPageTest"/>
  <testcase name="verifyYourContactInformation" time="9.042" classname="com.nk.tests.RegisterPageTest"/>
  <testcase name="verifyCreateYourJobAlert" time="16.727" classname="com.nk.tests.RegisterPageTest"/>
  <testcase name="verifyCreateLoginDetails" time="26.896" classname="com.nk.tests.RegisterPageTest"/>
  <testcase name="verifyYourCurrentEmploymentDetails" time="26.871" classname="com.nk.tests.RegisterPageTest"/>
</testsuite> <!-- com.nk.tests.RegisterPageTest -->
