<?xml version="1.0" encoding="UTF-8"?>
<!-- Generated by org.testng.reporters.JUnitReportReporter -->
<testsuite hostname="Admin-PC" name="com.nk.tests.SearchPageTest" tests="17" failures="0" timestamp="22 Aug 2015 15:58:38 GMT" time="278.099" errors="0">
  <testcase name="verifyRefineByLocationPopUp" time="27.417" classname="com.nk.tests.SearchPageTest"/>
  <testcase name="verifySearchByLocationField" time="20.939" classname="com.nk.tests.SearchPageTest"/>
  <testcase name="verifyRefineByEducation" time="25.871" classname="com.nk.tests.SearchPageTest"/>
  <testcase name="verifySearchResultsPage" time="3.256" classname="com.nk.tests.SearchPageTest"/>
  <testcase name="verifyRefineByIndustryType" time="23.699" classname="com.nk.tests.SearchPageTest"/>
  <testcase name="verifySearchDetailedViewResults" time="10.654" classname="com.nk.tests.SearchPageTest"/>
  <testcase name="verifySearchByLocationSection" time="13.834" classname="com.nk.tests.SearchPageTest"/>
  <testcase name="verifySearchSection" time="0.544" classname="com.nk.tests.SearchPageTest"/>
  <testcase name="verifySearchByExperienceField" time="28.732" classname="com.nk.tests.SearchPageTest"/>
  <testcase name="verifyRefineByEducationPopUp" time="40.381" classname="com.nk.tests.SearchPageTest"/>
  <testcase name="verifySearchResultsSection" time="0.914" classname="com.nk.tests.SearchPageTest"/>
  <testcase name="popUpClose" time="1.130" classname="com.nk.tests.SearchPageTest"/>
  <testcase name="verifyRefineByIndustryPopUp" time="39.651" classname="com.nk.tests.SearchPageTest"/>
  <testcase name="verifyRefineResultsSection" time="0.597" classname="com.nk.tests.SearchPageTest"/>
  <testcase name="verifySearchBySkill" time="17.106" classname="com.nk.tests.SearchPageTest"/>
  <testcase name="verifyRefineByFreshness" time="14.235" classname="com.nk.tests.SearchPageTest"/>
  <testcase name="verifySearchListingViewResults" time="9.139" classname="com.nk.tests.SearchPageTest"/>
</testsuite> <!-- com.nk.tests.SearchPageTest -->
